# JRE version: OpenJDK Runtime Environment Temurin-21.0.10+7 (21.0.10+7) (build 21.0.10+7-LTS)
# Java VM: OpenJDK 64-Bit Server VM Temurin-21.0.10+7 (21.0.10+7-LTS, mixed mode, sharing, tiered, compressed oops, compressed class ptrs, parallel gc, windows-amd64)
GC Precious Log:
 CardTable entry size: 512
 CPUs: 12 total, 12 available
 Memory: 16052M
 Large Page Support: Disabled
 NUMA Support: Disabled
 Compressed Oops: Enabled (32-bit)
 Alignments: Space 512K, Generation 512K, Heap 2M
 Heap Min Capacity: 100M
 Heap Initial Capacity: 100M
 Heap Max Capacity: 2G
 Pre-touch: Disabled
 Parallel Workers: 10
Heap:
 PSYoungGen      total 9216K, used 5627K [0x00000000d5580000, 0x00000000d6800000, 0x0000000100000000)
  eden space 8704K, 59% used [0x00000000d5580000,0x00000000d5a86608,0x00000000d5e00000)
  from space 512K, 94% used [0x00000000d6400000,0x00000000d6478780,0x00000000d6480000)
  to   space 5120K, 0% used [0x00000000d5e00000,0x00000000d5e00000,0x00000000d6300000)
 ParOldGen       total 465920K, used 465498K [0x0000000080000000, 0x000000009c700000, 0x00000000d5580000)
  object space 465920K, 99% used [0x0000000080000000,0x000000009c696b88,0x000000009c700000)
 Metaspace       used 70152K, committed 71744K, reserved 1114112K
  class space    used 7263K, committed 7936K, reserved 1048576K
GC Heap History (20 events):
Event: 3627.552 GC heap before
{Heap before GC invocations=230 (full 3):
 PSYoungGen      total 7168K, used 7168K [0x00000000d5580000, 0x00000000d6100000, 0x0000000100000000)
  eden space 4096K, 100% used [0x00000000d5580000,0x00000000d5980000,0x00000000d5980000)
  from space 3072K, 100% used [0x00000000d5e00000,0x00000000d6100000,0x00000000d6100000)
  to   space 3584K, 0% used [0x00000000d5a00000,0x00000000d5a00000,0x00000000d5d80000)
 ParOldGen       total 405504K, used 405339K [0x0000000080000000, 0x0000000098c00000, 0x00000000d5580000)
  object space 405504K, 99% used [0x0000000080000000,0x0000000098bd6fb0,0x0000000098c00000)
 Metaspace       used 69935K, committed 71488K, reserved 1114112K
  class space    used 7263K, committed 7936K, reserved 1048576K
}
Event: 3627.559 GC heap after
{Heap after GC invocations=230 (full 3):
 PSYoungGen      total 8192K, used 3584K [0x00000000d5580000, 0x00000000d6980000, 0x0000000100000000)
  eden space 4608K, 0% used [0x00000000d5580000,0x00000000d5580000,0x00000000d5a00000)
  from space 3584K, 100% used [0x00000000d5a00000,0x00000000d5d80000,0x00000000d5d80000)
  to   space 7680K, 0% used [0x00000000d6200000,0x00000000d6200000,0x00000000d6980000)
 ParOldGen       total 409088K, used 408712K [0x0000000080000000, 0x0000000098f80000, 0x00000000d5580000)
  object space 409088K, 99% used [0x0000000080000000,0x0000000098f22240,0x0000000098f80000)
 Metaspace       used 69935K, committed 71488K, reserved 1114112K
  class space    used 7263K, committed 7936K, reserved 1048576K
}
Event: 3627.581 GC heap before
{Heap before GC invocations=231 (full 3):
 PSYoungGen      total 8192K, used 8082K [0x00000000d5580000, 0x00000000d6980000, 0x0000000100000000)
  eden space 4608K, 97% used [0x00000000d5580000,0x00000000d59e4bf8,0x00000000d5a00000)
  from space 3584K, 100% used [0x00000000d5a00000,0x00000000d5d80000,0x00000000d5d80000)
  to   space 7680K, 0% used [0x00000000d6200000,0x00000000d6200000,0x00000000d6980000)
 ParOldGen       total 409088K, used 408712K [0x0000000080000000, 0x0000000098f80000, 0x00000000d5580000)
  object space 409088K, 99% used [0x0000000080000000,0x0000000098f22240,0x0000000098f80000)
 Metaspace       used 69943K, committed 71488K, reserved 1114112K
  class space    used 7263K, committed 7936K, reserved 1048576K
}
Event: 3627.587 GC heap after
{Heap after GC invocations=231 (full 3):
 PSYoungGen      total 9216K, used 3232K [0x00000000d5580000, 0x00000000d6580000, 0x0000000100000000)
  eden space 5632K, 0% used [0x00000000d5580000,0x00000000d5580000,0x00000000d5b00000)
  from space 3584K, 90% used [0x00000000d6200000,0x00000000d6528020,0x00000000d6580000)
  to   space 4608K, 0% used [0x00000000d5c80000,0x00000000d5c80000,0x00000000d6100000)
 ParOldGen       total 412672K, used 412352K [0x0000000080000000, 0x0000000099300000, 0x00000000d5580000)
  object space 412672K, 99% used [0x0000000080000000,0x00000000992b0240,0x0000000099300000)
 Metaspace       used 69943K, committed 71488K, reserved 1114112K
  class space    used 7263K, committed 7936K, reserved 1048576K
}
Event: 3627.615 GC heap before
{Heap before GC invocations=232 (full 3):
 PSYoungGen      total 9216K, used 8794K [0x00000000d5580000, 0x00000000d6580000, 0x0000000100000000)
  eden space 5632K, 98% used [0x00000000d5580000,0x00000000d5aeea60,0x00000000d5b00000)
  from space 3584K, 90% used [0x00000000d6200000,0x00000000d6528020,0x00000000d6580000)
  to   space 4608K, 0% used [0x00000000d5c80000,0x00000000d5c80000,0x00000000d6100000)
 ParOldGen       total 412672K, used 412352K [0x0000000080000000, 0x0000000099300000, 0x00000000d5580000)
  object space 412672K, 99% used [0x0000000080000000,0x00000000992b0240,0x0000000099300000)
 Metaspace       used 69943K, committed 71488K, reserved 1114112K
  class space    used 7263K, committed 7936K, reserved 1048576K
}
Event: 3627.623 GC heap after
{Heap after GC invocations=232 (full 3):
 PSYoungGen      total 11776K, used 4594K [0x00000000d5580000, 0x00000000d6d80000, 0x0000000100000000)
  eden space 7168K, 0% used [0x00000000d5580000,0x00000000d5580000,0x00000000d5c80000)
  from space 4608K, 99% used [0x00000000d5c80000,0x00000000d60fcbe0,0x00000000d6100000)
  to   space 8704K, 0% used [0x00000000d6500000,0x00000000d6500000,0x00000000d6d80000)
 ParOldGen       total 415744K, used 415288K [0x0000000080000000, 0x0000000099600000, 0x00000000d5580000)
  object space 415744K, 99% used [0x0000000080000000,0x000000009958e270,0x0000000099600000)
 Metaspace       used 69943K, committed 71488K, reserved 1114112K
  class space    used 7263K, committed 7936K, reserved 1048576K
}
Event: 3627.671 GC heap before
{Heap before GC invocations=233 (full 3):
 PSYoungGen      total 11776K, used 11762K [0x00000000d5580000, 0x00000000d6d80000, 0x0000000100000000)
  eden space 7168K, 100% used [0x00000000d5580000,0x00000000d5c80000,0x00000000d5c80000)
  from space 4608K, 99% used [0x00000000d5c80000,0x00000000d60fcbe0,0x00000000d6100000)
  to   space 8704K, 0% used [0x00000000d6500000,0x00000000d6500000,0x00000000d6d80000)
 ParOldGen       total 415744K, used 415288K [0x0000000080000000, 0x0000000099600000, 0x00000000d5580000)
  object space 415744K, 99% used [0x0000000080000000,0x000000009958e270,0x0000000099600000)
 Metaspace       used 69960K, committed 71488K, reserved 1114112K
  class space    used 7263K, committed 7936K, reserved 1048576K
}
Event: 3627.678 GC heap after
{Heap after GC invocations=233 (full 3):
 PSYoungGen      total 14848K, used 5692K [0x00000000d5580000, 0x00000000d6b00000, 0x0000000100000000)
  eden space 8704K, 0% used [0x00000000d5580000,0x00000000d5580000,0x00000000d5e00000)
  from space 6144K, 92% used [0x00000000d6500000,0x00000000d6a8f060,0x00000000d6b00000)
  to   space 6656K, 0% used [0x00000000d5e00000,0x00000000d5e00000,0x00000000d6480000)
 ParOldGen       total 419840K, used 419518K [0x0000000080000000, 0x0000000099a00000, 0x00000000d5580000)
  object space 419840K, 99% used [0x0000000080000000,0x00000000999af910,0x0000000099a00000)
 Metaspace       used 69960K, committed 71488K, reserved 1114112K
  class space    used 7263K, committed 7936K, reserved 1048576K
}
Event: 3627.769 GC heap before
{Heap before GC invocations=234 (full 3):
 PSYoungGen      total 14848K, used 14396K [0x00000000d5580000, 0x00000000d6b00000, 0x0000000100000000)
  eden space 8704K, 100% used [0x00000000d5580000,0x00000000d5e00000,0x00000000d5e00000)
  from space 6144K, 92% used [0x00000000d6500000,0x00000000d6a8f060,0x00000000d6b00000)
  to   space 6656K, 0% used [0x00000000d5e00000,0x00000000d5e00000,0x00000000d6480000)
 ParOldGen       total 451584K, used 450238K [0x0000000080000000, 0x000000009b900000, 0x00000000d5580000)
  object space 451584K, 99% used [0x0000000080000000,0x000000009b7af940,0x000000009b900000)
 Metaspace       used 69964K, committed 71488K, reserved 1114112K
  class space    used 7263K, committed 7936K, reserved 1048576K
}
Event: 3627.776 GC heap after
{Heap after GC invocations=234 (full 3):
 PSYoungGen      total 15360K, used 6080K [0x00000000d5580000, 0x00000000d6b00000, 0x0000000100000000)
  eden space 8704K, 0% used [0x00000000d5580000,0x00000000d5580000,0x00000000d5e00000)
  from space 6656K, 91% used [0x00000000d5e00000,0x00000000d63f0000,0x00000000d6480000)
  to   space 6656K, 0% used [0x00000000d6480000,0x00000000d6480000,0x00000000d6b00000)
 ParOldGen       total 456192K, used 455704K [0x0000000080000000, 0x000000009bd80000, 0x00000000d5580000)
  object space 456192K, 99% used [0x0000000080000000,0x000000009bd06070,0x000000009bd80000)
 Metaspace       used 69964K, committed 71488K, reserved 1114112K
  class space    used 7263K, committed 7936K, reserved 1048576K
}
Event: 3628.341 GC heap before
{Heap before GC invocations=235 (full 3):
 PSYoungGen      total 15360K, used 14784K [0x00000000d5580000, 0x00000000d6b00000, 0x0000000100000000)
  eden space 8704K, 100% used [0x00000000d5580000,0x00000000d5e00000,0x00000000d5e00000)
  from space 6656K, 91% used [0x00000000d5e00000,0x00000000d63f0000,0x00000000d6480000)
  to   space 6656K, 0% used [0x00000000d6480000,0x00000000d6480000,0x00000000d6b00000)
 ParOldGen       total 456192K, used 455704K [0x0000000080000000, 0x000000009bd80000, 0x00000000d5580000)
  object space 456192K, 99% used [0x0000000080000000,0x000000009bd06070,0x000000009bd80000)
 Metaspace       used 70006K, committed 71552K, reserved 1114112K
  class space    used 7263K, committed 7936K, reserved 1048576K
}
Event: 3628.349 GC heap after
{Heap after GC invocations=235 (full 3):
 PSYoungGen      total 9728K, used 596K [0x00000000d5580000, 0x00000000d6580000, 0x0000000100000000)
  eden space 8704K, 0% used [0x00000000d5580000,0x00000000d5580000,0x00000000d5e00000)
  from space 1024K, 58% used [0x00000000d6480000,0x00000000d6515200,0x00000000d6580000)
  to   space 3072K, 0% used [0x00000000d5f80000,0x00000000d5f80000,0x00000000d6280000)
 ParOldGen       total 461824K, used 461536K [0x0000000080000000, 0x000000009c300000, 0x00000000d5580000)
  object space 461824K, 99% used [0x0000000080000000,0x000000009c2b8070,0x000000009c300000)
 Metaspace       used 70006K, committed 71552K, reserved 1114112K
  class space    used 7263K, committed 7936K, reserved 1048576K
}
Event: 3631.082 GC heap before
{Heap before GC invocations=236 (full 3):
 PSYoungGen      total 9728K, used 9300K [0x00000000d5580000, 0x00000000d6580000, 0x0000000100000000)
  eden space 8704K, 100% used [0x00000000d5580000,0x00000000d5e00000,0x00000000d5e00000)
  from space 1024K, 58% used [0x00000000d6480000,0x00000000d6515200,0x00000000d6580000)
  to   space 3072K, 0% used [0x00000000d5f80000,0x00000000d5f80000,0x00000000d6280000)
 ParOldGen       total 461824K, used 461536K [0x0000000080000000, 0x000000009c300000, 0x00000000d5580000)
  object space 461824K, 99% used [0x0000000080000000,0x000000009c2b8070,0x000000009c300000)
 Metaspace       used 70053K, committed 71680K, reserved 1114112K
  class space    used 7263K, committed 7936K, reserved 1048576K
}
Event: 3631.083 GC heap after
{Heap after GC invocations=236 (full 3):
 PSYoungGen      total 11776K, used 416K [0x00000000d5580000, 0x00000000d6500000, 0x0000000100000000)
  eden space 8704K, 0% used [0x00000000d5580000,0x00000000d5580000,0x00000000d5e00000)
  from space 3072K, 13% used [0x00000000d5f80000,0x00000000d5fe8020,0x00000000d6280000)
  to   space 1024K, 0% used [0x00000000d6400000,0x00000000d6400000,0x00000000d6500000)
 ParOldGen       total 461824K, used 461646K [0x0000000080000000, 0x000000009c300000, 0x00000000d5580000)
  object space 461824K, 99% used [0x0000000080000000,0x000000009c2d3b68,0x000000009c300000)
 Metaspace       used 70053K, committed 71680K, reserved 1114112K
  class space    used 7263K, committed 7936K, reserved 1048576K
}
Event: 3632.740 GC heap before
{Heap before GC invocations=237 (full 3):
 PSYoungGen      total 11776K, used 9119K [0x00000000d5580000, 0x00000000d6500000, 0x0000000100000000)
  eden space 8704K, 99% used [0x00000000d5580000,0x00000000d5dfffc0,0x00000000d5e00000)
  from space 3072K, 13% used [0x00000000d5f80000,0x00000000d5fe8020,0x00000000d6280000)
  to   space 1024K, 0% used [0x00000000d6400000,0x00000000d6400000,0x00000000d6500000)
 ParOldGen       total 461824K, used 461646K [0x0000000080000000, 0x000000009c300000, 0x00000000d5580000)
  object space 461824K, 99% used [0x0000000080000000,0x000000009c2d3b68,0x000000009c300000)
 Metaspace       used 70076K, committed 71680K, reserved 1114112K
  class space    used 7263K, committed 7936K, reserved 1048576K
}
Event: 3632.742 GC heap after
{Heap after GC invocations=237 (full 3):
 PSYoungGen      total 9216K, used 320K [0x00000000d5580000, 0x00000000d6480000, 0x0000000100000000)
  eden space 8704K, 0% used [0x00000000d5580000,0x00000000d5580000,0x00000000d5e00000)
  from space 512K, 62% used [0x00000000d6400000,0x00000000d6450000,0x00000000d6480000)
  to   space 512K, 0% used [0x00000000d6380000,0x00000000d6380000,0x00000000d6400000)
 ParOldGen       total 461824K, used 461734K [0x0000000080000000, 0x000000009c300000, 0x00000000d5580000)
  object space 461824K, 99% used [0x0000000080000000,0x000000009c2e9b78,0x000000009c300000)
 Metaspace       used 70076K, committed 71680K, reserved 1114112K
  class space    used 7263K, committed 7936K, reserved 1048576K
}
Event: 3777.631 GC heap before
{Heap before GC invocations=238 (full 3):
 PSYoungGen      total 9216K, used 8967K [0x00000000d5580000, 0x00000000d6480000, 0x0000000100000000)
  eden space 8704K, 99% used [0x00000000d5580000,0x00000000d5df1ca8,0x00000000d5e00000)
  from space 512K, 62% used [0x00000000d6400000,0x00000000d6450000,0x00000000d6480000)
  to   space 512K, 0% used [0x00000000d6380000,0x00000000d6380000,0x00000000d6400000)
 ParOldGen       total 461824K, used 461734K [0x0000000080000000, 0x000000009c300000, 0x00000000d5580000)
  object space 461824K, 99% used [0x0000000080000000,0x000000009c2e9b78,0x000000009c300000)
 Metaspace       used 70100K, committed 71680K, reserved 1114112K
  class space    used 7263K, committed 7936K, reserved 1048576K
}
Event: 3777.634 GC heap after
{Heap after GC invocations=238 (full 3):
 PSYoungGen      total 9216K, used 508K [0x00000000d5580000, 0x00000000d6480000, 0x0000000100000000)
  eden space 8704K, 0% used [0x00000000d5580000,0x00000000d5580000,0x00000000d5e00000)
  from space 512K, 99% used [0x00000000d6380000,0x00000000d63ff0b0,0x00000000d6400000)
  to   space 512K, 0% used [0x00000000d6400000,0x00000000d6400000,0x00000000d6480000)
 ParOldGen       total 462336K, used 461933K [0x0000000080000000, 0x000000009c380000, 0x00000000d5580000)
  object space 462336K, 99% used [0x0000000080000000,0x000000009c31b680,0x000000009c380000)
 Metaspace       used 70100K, committed 71680K, reserved 1114112K
  class space    used 7263K, committed 7936K, reserved 1048576K
}
Event: 3778.499 GC heap before
{Heap before GC invocations=239 (full 3):
 PSYoungGen      total 9216K, used 9212K [0x00000000d5580000, 0x00000000d6480000, 0x0000000100000000)
  eden space 8704K, 100% used [0x00000000d5580000,0x00000000d5e00000,0x00000000d5e00000)
  from space 512K, 99% used [0x00000000d6380000,0x00000000d63ff0b0,0x00000000d6400000)
  to   space 512K, 0% used [0x00000000d6400000,0x00000000d6400000,0x00000000d6480000)
 ParOldGen       total 462336K, used 461933K [0x0000000080000000, 0x000000009c380000, 0x00000000d5580000)
  object space 462336K, 99% used [0x0000000080000000,0x000000009c31b680,0x000000009c380000)
 Metaspace       used 70142K, committed 71744K, reserved 1114112K
  class space    used 7263K, committed 7936K, reserved 1048576K
}
Event: 3778.503 GC heap after
{Heap after GC invocations=239 (full 3):
 PSYoungGen      total 9216K, used 481K [0x00000000d5580000, 0x00000000d6800000, 0x0000000100000000)
  eden space 8704K, 0% used [0x00000000d5580000,0x00000000d5580000,0x00000000d5e00000)
  from space 512K, 94% used [0x00000000d6400000,0x00000000d6478780,0x00000000d6480000)
  to   space 5120K, 0% used [0x00000000d5e00000,0x00000000d5e00000,0x00000000d6300000)
 ParOldGen       total 465920K, used 465498K [0x0000000080000000, 0x000000009c700000, 0x00000000d5580000)
  object space 465920K, 99% used [0x0000000080000000,0x000000009c696b88,0x000000009c700000)
 Metaspace       used 70142K, committed 71744K, reserved 1114112K
  class space    used 7263K, committed 7936K, reserved 1048576K
}

